<?xml version="1.0" encoding="UTF-8"?>
<!-- Generated by org.testng.reporters.JUnitReportReporter -->
<testsuite hostname="ANABINA" failures="0" tests="3" name="testng.customerModule" time="0.023" errors="0" timestamp="2022-05-25T13:35:03 IST" skipped="0">
  <testcase classname="testng.customerModule" name="createCustomer" time="0.004"/>
  <system-out>
    <![CDATA[createCustomer]]>
  </system-out>
  <testcase classname="testng.customerModule" name="deleteCustomer" time="0.007"/>
  <system-out>
    <![CDATA[deleteCustomer]]>
  </system-out>
  <testcase classname="testng.customerModule" name="modifyCustomer" time="0.012"/>
  <system-out>
    <![CDATA[modifyCustomer]]>
  </system-out>
</testsuite> <!-- testng.customerModule -->
