<?xml version="1.0" encoding="UTF-8"?>
<!-- Generated by org.testng.reporters.JUnitReportReporter -->
<testsuite hostname="ANABINA" failures="0" tests="2" name="testngUnitOrRegionalRegressionTesting.customerModule4" time="0.022" errors="0" timestamp="2022-05-24T22:21:06 IST" skipped="0">
  <testcase classname="testngUnitOrRegionalRegressionTesting.customerModule4" name="createCustomer4" time="0.015"/>
  <system-out>
    <![CDATA[createCustomer4]]>
  </system-out>
  <testcase classname="testngUnitOrRegionalRegressionTesting.customerModule4" name="deleteCustomer4" time="0.007"/>
  <system-out>
    <![CDATA[deleteCustomer4]]>
  </system-out>
</testsuite> <!-- testngUnitOrRegionalRegressionTesting.customerModule4 -->
