<?xml version="1.0" encoding="UTF-8"?>
<!-- Generated by org.testng.reporters.JUnitReportReporter -->
<testsuite hostname="ANABINA" failures="0" tests="1" name="testng.Main_demo" time="0.019" errors="0" timestamp="2022-05-23T10:59:28 IST" skipped="0">
  <testcase classname="testng.Main_demo" name="add" time="0.019"/>
  <system-out>
    <![CDATA[hi]]>
  </system-out>
</testsuite> <!-- testng.Main_demo -->
