<?xml version="1.0" encoding="UTF-8"?>
<!-- Generated by org.testng.reporters.JUnitReportReporter -->
<testsuite hostname="ANABINA" failures="0" tests="1" name="testNGactitimeWithPropertyfile.customerModule2" time="8.572" errors="0" timestamp="2022-05-25T10:25:37 IST" skipped="0">
  <testcase classname="testNGactitimeWithPropertyfile.customerModule2" name="createCustomer" time="8.572"/>
  <system-out>
    <![CDATA[createCustomer2]]>
  </system-out>
</testsuite> <!-- testNGactitimeWithPropertyfile.customerModule2 -->
