<?xml version="1.0" encoding="UTF-8"?>
<!-- Generated by org.testng.reporters.JUnitReportReporter -->
<testsuite hostname="ANABINA" failures="0" tests="1" name="parallelExecutionCompatibility.Main_userModule" time="30.138" errors="0" timestamp="2022-05-27T12:58:40 IST" skipped="0">
  <testcase classname="parallelExecutionCompatibility.Main_userModule" name="createUser" time="30.138"/>
  <system-out>
    <![CDATA[createUser]]>
  </system-out>
</testsuite> <!-- parallelExecutionCompatibility.Main_userModule -->
