<?xml version="1.0" encoding="UTF-8"?>
<!-- Generated by org.testng.reporters.JUnitReportReporter -->
<testsuite hostname="ANABINA" failures="0" tests="3" name="testNgGroupExecution.projectModule3" time="0.043" errors="0" timestamp="2022-05-24T21:01:19 IST" skipped="0">
  <testcase classname="testNgGroupExecution.projectModule3" name="modifyProject" time="0.008"/>
  <system-out>
    <![CDATA[modifyProject3]]>
  </system-out>
  <testcase classname="testNgGroupExecution.projectModule3" name="createProject" time="0.026"/>
  <system-out>
    <![CDATA[createProject3]]>
  </system-out>
  <testcase classname="testNgGroupExecution.projectModule3" name="deleteCustomer" time="0.009"/>
  <system-out>
    <![CDATA[deleteProject3]]>
  </system-out>
</testsuite> <!-- testNgGroupExecution.projectModule3 -->
