<?xml version="1.0" encoding="UTF-8"?>
<!-- Generated by org.testng.reporters.JUnitReportReporter -->
<testsuite hostname="ANABINA" failures="0" tests="3" name="testng.TestCaseModule" time="0.016" errors="0" timestamp="2022-05-25T13:35:03 IST" skipped="0">
  <testcase classname="testng.TestCaseModule" name="deleteTest" time="0.003"/>
  <system-out>
    <![CDATA[deleteTest]]>
  </system-out>
  <testcase classname="testng.TestCaseModule" name="createTest" time="0.006"/>
  <system-out>
    <![CDATA[createTest]]>
  </system-out>
  <testcase classname="testng.TestCaseModule" name="modifyTest" time="0.007"/>
  <system-out>
    <![CDATA[modifyTest]]>
  </system-out>
</testsuite> <!-- testng.TestCaseModule -->
