<?xml version="1.0" encoding="UTF-8"?>
<!-- Generated by org.testng.reporters.JUnitReportReporter -->
<testsuite hostname="ANABINA" failures="0" tests="1" name="parallelExecutionDistributed.Main_taskModule" time="0.000" errors="0" timestamp="2022-05-27T12:46:13 IST" skipped="1">
  <testcase classname="parallelExecutionDistributed.Main_taskModule" name="createTask" time="0.000">
    <skipped/>
  </testcase> <!-- createTask -->
  <system-out/>
</testsuite> <!-- parallelExecutionDistributed.Main_taskModule -->
