<?xml version="1.0" encoding="UTF-8"?>
<!-- Generated by org.testng.reporters.JUnitReportReporter -->
<testsuite hostname="ANABINA" failures="0" tests="1" name="testngActitime.projectModule1" time="22.773" errors="0" timestamp="2022-05-25T13:39:07 IST" skipped="0">
  <testcase classname="testngActitime.projectModule1" name="createProject" time="22.773"/>
  <system-out>
    <![CDATA[createProject1]]>
  </system-out>
</testsuite> <!-- testngActitime.projectModule1 -->
