<?xml version="1.0" encoding="UTF-8"?>
<!-- Generated by org.testng.reporters.JUnitReportReporter -->
<testsuite hostname="ANABINA" failures="0" tests="1" name="testngActitime.TestCaseModule1" time="21.247" errors="0" timestamp="2022-05-25T13:39:07 IST" skipped="0">
  <testcase classname="testngActitime.TestCaseModule1" name="createTest" time="21.247"/>
  <system-out>
    <![CDATA[createTest1]]>
  </system-out>
</testsuite> <!-- testngActitime.TestCaseModule1 -->
