<?xml version="1.0" encoding="UTF-8"?>
<!-- Generated by org.testng.reporters.JUnitReportReporter -->
<testsuite hostname="ANABINA" failures="0" tests="3" name="testNgGroupExecution.TestCaseModule3" time="0.040" errors="0" timestamp="2022-05-24T21:01:19 IST" skipped="0">
  <testcase classname="testNgGroupExecution.TestCaseModule3" name="createTest" time="0.013"/>
  <system-out>
    <![CDATA[createTest3]]>
  </system-out>
  <testcase classname="testNgGroupExecution.TestCaseModule3" name="modifyTest" time="0.006"/>
  <system-out>
    <![CDATA[modifyTest3]]>
  </system-out>
  <testcase classname="testNgGroupExecution.TestCaseModule3" name="deleteTest" time="0.021"/>
  <system-out>
    <![CDATA[deleteTest3]]>
  </system-out>
</testsuite> <!-- testNgGroupExecution.TestCaseModule3 -->
