<?xml version="1.0" encoding="UTF-8"?>
<!-- Generated by org.testng.reporters.JUnitReportReporter -->
<testsuite hostname="ANABINA" failures="0" tests="3" name="testng.projectModule" time="0.033" errors="0" timestamp="2022-05-25T13:35:03 IST" skipped="0">
  <testcase classname="testng.projectModule" name="modifyProject" time="0.010"/>
  <system-out>
    <![CDATA[modifyProject]]>
  </system-out>
  <testcase classname="testng.projectModule" name="createProject" time="0.016"/>
  <system-out>
    <![CDATA[createProject]]>
  </system-out>
  <testcase classname="testng.projectModule" name="deleteCustomer" time="0.007"/>
  <system-out>
    <![CDATA[deleteProject]]>
  </system-out>
</testsuite> <!-- testng.projectModule -->
