<?xml version="1.0" encoding="UTF-8"?>
<!-- Generated by org.testng.reporters.JUnitReportReporter -->
<testsuite hostname="ANABINA" failures="0" tests="1" name="testngActitime.customerModule1" time="17.170" errors="0" timestamp="2022-05-25T13:39:07 IST" skipped="0">
  <testcase classname="testngActitime.customerModule1" name="createCustomer" time="17.170"/>
  <system-out>
    <![CDATA[createCustomer1]]>
  </system-out>
</testsuite> <!-- testngActitime.customerModule1 -->
