<?xml version="1.0" encoding="UTF-8"?>
<!-- Generated by org.testng.reporters.JUnitReportReporter -->
<testsuite hostname="ANABINA" failures="0" tests="1" name="testngUnitOrRegionalRegressionTesting.projectModule4" time="0.006" errors="0" timestamp="2022-05-24T22:21:06 IST" skipped="0">
  <testcase classname="testngUnitOrRegionalRegressionTesting.projectModule4" name="createProject4" time="0.006"/>
  <system-out>
    <![CDATA[createProject4]]>
  </system-out>
</testsuite> <!-- testngUnitOrRegionalRegressionTesting.projectModule4 -->
