<?xml version="1.0" encoding="UTF-8"?>
<!-- Generated by org.testng.reporters.JUnitReportReporter -->
<testsuite hostname="ANABINA" failures="0" tests="1" name="testNGactitimeWithPropertyfile.projectModule2" time="7.863" errors="0" timestamp="2022-05-25T10:25:37 IST" skipped="0">
  <testcase classname="testNGactitimeWithPropertyfile.projectModule2" name="createProject" time="7.863"/>
  <system-out>
    <![CDATA[createProject2]]>
  </system-out>
</testsuite> <!-- testNGactitimeWithPropertyfile.projectModule2 -->
