<?xml version="1.0" encoding="UTF-8"?>
<!-- Generated by org.testng.reporters.JUnitReportReporter -->
<testsuite hostname="ANABINA" failures="0" tests="1" name="parallelExecutionDistributed.Main_projectModule" time="21.727" errors="0" timestamp="2022-05-27T12:46:13 IST" skipped="0">
  <testcase classname="parallelExecutionDistributed.Main_projectModule" name="createProject" time="21.727"/>
  <system-out>
    <![CDATA[createProject]]>
  </system-out>
</testsuite> <!-- parallelExecutionDistributed.Main_projectModule -->
