<?xml version="1.0" encoding="UTF-8"?>
<!-- Generated by org.testng.reporters.JUnitReportReporter -->
<testsuite hostname="ANABINA" failures="0" tests="3" name="testNgGroupExecution.customerModule3" time="0.022" errors="0" timestamp="2022-05-24T21:01:19 IST" skipped="0">
  <testcase classname="testNgGroupExecution.customerModule3" name="createCustomer" time="0.008"/>
  <system-out>
    <![CDATA[createCustomer3]]>
  </system-out>
  <testcase classname="testNgGroupExecution.customerModule3" name="modifyCustomer" time="0.005"/>
  <system-out>
    <![CDATA[modifyCustomer3]]>
  </system-out>
  <testcase classname="testNgGroupExecution.customerModule3" name="deleteCustomer" time="0.009"/>
  <system-out>
    <![CDATA[deleteCustomer3]]>
  </system-out>
</testsuite> <!-- testNgGroupExecution.customerModule3 -->
