<?xml version="1.0" encoding="UTF-8"?>
<!-- Generated by org.testng.reporters.JUnitReportReporter -->
<testsuite hostname="ANABINA" failures="0" tests="1" name="testNGactitimeWithPropertyfile.TestCaseModule2" time="39.839" errors="0" timestamp="2022-05-25T10:25:37 IST" skipped="0">
  <testcase classname="testNGactitimeWithPropertyfile.TestCaseModule2" name="createTest" time="39.839"/>
  <system-out>
    <![CDATA[createTest2]]>
  </system-out>
</testsuite> <!-- testNGactitimeWithPropertyfile.TestCaseModule2 -->
